<?xml version="1.0" encoding="UTF-8"?>
<!-- Generated by org.testng.reporters.JUnitReportReporter -->
<testsuite hostname="Dalia" failures="0" tests="4" name="Autmation" time="22.990" errors="0" timestamp="2024-10-21T17:58:32 GMT+03:00" skipped="3">
  <testcase classname="Autmation" name="AddItemToThecart" time="22.990"/>
  <system-out/>
  <testcase classname="Autmation" name="signUp">
    <skipped/>
  </testcase> <!-- signUp -->
  <system-out/>
  <testcase classname="Autmation" name="Logout">
    <skipped/>
  </testcase> <!-- Logout -->
  <system-out/>
  <testcase classname="Autmation" name="Login">
    <skipped/>
  </testcase> <!-- Login -->
  <system-out/>
</testsuite> <!-- Autmation -->
